### Hello zoo! My name is BillyRay
### I will be taking care of you today!!!
-----------------------------------
==> Announcer: Get ready folks, the Zookeeper is waking the animals!
### BillyRay says: Time to wake up!
Harold the Hippo started waking up
Ellie the Elephant started waking up
Ronald the Rhino started waking up
Tim the Tiger started waking up
Lauren the Lion started waking up
Chadwick the Cat started sleeping
Winona the Wolf started waking up
Darcy the Dog started waking up
Halbarad the Hippo started waking up
Elrond the Elephant started waking up
Radagast the Rhino started waking up
Took, Pippin the Tiger started waking up
Legolas the Lion started waking up
Celeborn the Cat started prowling
Witch-King of Angmar the Wolf started waking up
Denethor II the Dog started waking up
-----------------------------------
==> Announcer: The Zookeeper says it's roll call time!
### BillyRay says: Everyone here?

Harold the Hippo started making hippo sounds
Ellie the Elephant started making elephant sounds
Ronald the Rhino started making rhino sounds
Tim the Tiger started growling
Lauren the Lion started roaring
Chadwick the Cat started eating
Winona the Wolf started howling
Darcy the Dog started howling
Halbarad the Hippo started making hippo sounds
Elrond the Elephant started making elephant sounds
Radagast the Rhino started making rhino sounds
Took, Pippin the Tiger started growling
Legolas the Lion started roaring
Celeborn the Cat started sleeping
Witch-King of Angmar the Wolf started howling
Denethor II the Dog started howling
-----------------------------------
==> Announcer: The Zookeeper is going to feed the animals now!
### BillyRay says: FOOD!
Harold the Hippo started eating grass
Ellie the Elephant started eating a tree top
Ronald the Rhino started eating grass
Tim the Tiger started eating poor, poor animals
Lauren the Lion started eating poor, poor animals
Chadwick the Cat started waking up
Winona the Wolf started eating a squirrel
Darcy the Dog started eating a squirrel
Halbarad the Hippo started eating grass
Elrond the Elephant started eating a tree top
Radagast the Rhino started eating grass
Took, Pippin the Tiger started eating poor, poor animals
Legolas the Lion started eating poor, poor animals
Celeborn the Cat started waking up
Witch-King of Angmar the Wolf started eating a squirrel
Denethor II the Dog started eating a squirrel
-----------------------------------
==> Announcer: The Zookeeper will now make the animals move! (It isn't cruelty though)
### BillyRay says: Time to get your exercise.
Harold the Hippo started roaming noisily
Ellie the Elephant started roaming noisily
Ronald the Rhino started digging a midden
Tim the Tiger started stalking quietly
Lauren the Lion started stalking quietly
Chadwick the Cat started laying on laptop keyboard while you try to type
Winona the Wolf started roaming happily
Darcy the Dog started roaming happily
Halbarad the Hippo started roaming noisily
Elrond the Elephant started roaming noisily
Radagast the Rhino started digging a midden
Took, Pippin the Tiger started stalking quietly
Legolas the Lion started stalking quietly
Celeborn the Cat started waking up
Witch-King of Angmar the Wolf started roaming happily
Denethor II the Dog started roaming happily
-----------------------------------
==> Announcer: The Zookeeper is putting the animals to sleep. Time to go!
### BillyRay says: The zoo is closed, time for sleeping.
Harold the Hippo started sleeping
Ellie the Elephant started sleeping
Ronald the Rhino started sleeping
Tim the Tiger started sleeping
Lauren the Lion started sleeping
Chadwick the Cat started eating
Winona the Wolf started sleeping
Darcy the Dog started sleeping
Halbarad the Hippo started sleeping
Elrond the Elephant started sleeping
Radagast the Rhino started sleeping
Took, Pippin the Tiger started sleeping
Legolas the Lion started sleeping
Celeborn the Cat started meowing
Witch-King of Angmar the Wolf started sleeping
Denethor II the Dog started sleeping
-----------------------------------
==> Announcer: I'm going home now.
